<?xml version="1.0" encoding="UTF-8" standalone="yes"?><!DOCTYPE report PUBLIC "-//JACOCO//DTD Report 1.1//EN" "report.dtd"><report name="gift-pairing"><sessioninfo id="Liangtongs-MacBook-Pro.local-9e79ad9e" start="1769912590741" dump="1769912591086"/><package name=""><class name="ShortURLService$ShortURLResult" sourcefilename="ShortURLService.java"><method name="&lt;init&gt;" desc="(Ljava/lang/String;Ljava/lang/String;Ljava/lang/String;)V" line="95"><counter type="INSTRUCTION" missed="0" covered="12"/><counter type="LINE" missed="0" covered="5"/><counter type="COMPLEXITY" missed="0" covered="1"/><counter type="METHOD" missed="0" covered="1"/></method><method name="getShortCode" desc="()Ljava/lang/String;" line="102"><counter type="INSTRUCTION" missed="0" covered="3"/><counter type="LINE" missed="0" covered="1"/><counter type="COMPLEXITY" missed="0" covered="1"/><counter type="METHOD" missed="0" covered="1"/></method><method name="getShortUrl" desc="()Ljava/lang/String;" line="106"><counter type="INSTRUCTION" missed="0" covered="3"/><counter type="LINE" missed="0" covered="1"/><counter type="COMPLEXITY" missed="0" covered="1"/><counter type="METHOD" missed="0" covered="1"/></method><method name="getLongUrl" desc="()Ljava/lang/String;" line="110"><counter type="INSTRUCTION" missed="0" covered="3"/><counter type="LINE" missed="0" covered="1"/><counter type="COMPLEXITY" missed="0" covered="1"/><counter type="METHOD" missed="0" covered="1"/></method><counter type="INSTRUCTION" missed="0" covered="21"/><counter type="LINE" missed="0" covered="8"/><counter type="COMPLEXITY" missed="0" covered="4"/><counter type="METHOD" missed="0" covered="4"/><counter type="CLASS" missed="0" covered="1"/></class><class name="GiftPairingSolution$DepartmentRule" sourcefilename="GiftPairingSolution.java"><method name="&lt;init&gt;" desc="()V" line="331"><counter type="INSTRUCTION" missed="3" covered="0"/><counter type="LINE" missed="1" covered="0"/><counter type="COMPLEXITY" missed="1" covered="0"/><counter type="METHOD" missed="1" covered="0"/></method><method name="isPairingValid" desc="(LGiftPairingSolution$Pairing;)Z" line="334"><counter type="INSTRUCTION" missed="28" covered="0"/><counter type="BRANCH" missed="10" covered="0"/><counter type="LINE" missed="6" covered="0"/><counter type="COMPLEXITY" missed="6" covered="0"/><counter type="METHOD" missed="1" covered="0"/></method><counter type="INSTRUCTION" missed="31" covered="0"/><counter type="BRANCH" missed="10" covered="0"/><counter type="LINE" missed="7" covered="0"/><counter type="COMPLEXITY" missed="7" covered="0"/><counter type="METHOD" missed="2" covered="0"/><counter type="CLASS" missed="1" covered="0"/></class><class name="ShortURLService$RandomCodeGenerator" sourcefilename="ShortURLService.java"><method name="&lt;init&gt;" desc="()V" line="172"><counter type="INSTRUCTION" missed="0" covered="8"/><counter type="LINE" missed="0" covered="2"/><counter type="COMPLEXITY" missed="0" covered="1"/><counter type="METHOD" missed="0" covered="1"/></method><method name="generate" desc="(I)Ljava/lang/String;" line="177"><counter type="INSTRUCTION" missed="0" covered="27"/><counter type="BRANCH" missed="0" covered="2"/><counter type="LINE" missed="0" covered="5"/><counter type="COMPLEXITY" missed="0" covered="2"/><counter type="METHOD" missed="0" covered="1"/></method><counter type="INSTRUCTION" missed="0" covered="35"/><counter type="BRANCH" missed="0" covered="2"/><counter type="LINE" missed="0" covered="7"/><counter type="COMPLEXITY" missed="0" covered="3"/><counter type="METHOD" missed="0" covered="2"/><counter type="CLASS" missed="0" covered="1"/></class><class name="ShortURLService$InMemoryURLRepository" sourcefilename="ShortURLService.java"><method name="&lt;init&gt;" desc="()V" line="143"><counter type="INSTRUCTION" missed="0" covered="13"/><counter type="LINE" missed="0" covered="3"/><counter type="COMPLEXITY" missed="0" covered="1"/><counter type="METHOD" missed="0" covered="1"/></method><method name="save" desc="(Ljava/lang/String;Ljava/lang/String;)V" line="149"><counter type="INSTRUCTION" missed="0" covered="13"/><counter type="LINE" missed="0" covered="3"/><counter type="COMPLEXITY" missed="0" covered="1"/><counter type="METHOD" missed="0" covered="1"/></method><method name="findByCode" desc="(Ljava/lang/String;)Ljava/lang/String;" line="155"><counter type="INSTRUCTION" missed="0" covered="6"/><counter type="LINE" missed="0" covered="1"/><counter type="COMPLEXITY" missed="0" covered="1"/><counter type="METHOD" missed="0" covered="1"/></method><method name="findCodeByLongUrl" desc="(Ljava/lang/String;)Ljava/lang/String;" line="160"><counter type="INSTRUCTION" missed="0" covered="6"/><counter type="LINE" missed="0" covered="1"/><counter type="COMPLEXITY" missed="0" covered="1"/><counter type="METHOD" missed="0" covered="1"/></method><method name="existsByCode" desc="(Ljava/lang/String;)Z" line="165"><counter type="INSTRUCTION" missed="0" covered="5"/><counter type="LINE" missed="0" covered="1"/><counter type="COMPLEXITY" missed="0" covered="1"/><counter type="METHOD" missed="0" covered="1"/></method><counter type="INSTRUCTION" missed="0" covered="43"/><counter type="LINE" missed="0" covered="9"/><counter type="COMPLEXITY" missed="0" covered="5"/><counter type="METHOD" missed="0" covered="5"/><counter type="CLASS" missed="0" covered="1"/></class><class name="GiftPairingSolution$SelfMatchingRule" sourcefilename="GiftPairingSolution.java"><method name="&lt;init&gt;" desc="()V" line="282"><counter type="INSTRUCTION" missed="3" covered="0"/><counter type="LINE" missed="1" covered="0"/><counter type="COMPLEXITY" missed="1" covered="0"/><counter type="METHOD" missed="1" covered="0"/></method><method name="isPairingValid" desc="(LGiftPairingSolution$Pairing;)Z" line="285"><counter type="INSTRUCTION" missed="12" covered="0"/><counter type="BRANCH" missed="2" covered="0"/><counter type="LINE" missed="1" covered="0"/><counter type="COMPLEXITY" missed="2" covered="0"/><counter type="METHOD" missed="1" covered="0"/></method><counter type="INSTRUCTION" missed="15" covered="0"/><counter type="BRANCH" missed="2" covered="0"/><counter type="LINE" missed="2" covered="0"/><counter type="COMPLEXITY" missed="3" covered="0"/><counter type="METHOD" missed="2" covered="0"/><counter type="CLASS" missed="1" covered="0"/></class><class name="ShortURLService$CodeGenerator" sourcefilename="ShortURLService.java"/><class name="GiftPairingSolution$RepeatingFromLastYearRule" sourcefilename="GiftPairingSolution.java"><method name="&lt;init&gt;" desc="(Ljava/util/List;)V" line="310"><counter type="INSTRUCTION" missed="6" covered="0"/><counter type="LINE" missed="3" covered="0"/><counter type="COMPLEXITY" missed="1" covered="0"/><counter type="METHOD" missed="1" covered="0"/></method><method name="isPairingValid" desc="(LGiftPairingSolution$Pairing;)Z" line="316"><counter type="INSTRUCTION" missed="41" covered="0"/><counter type="BRANCH" missed="10" covered="0"/><counter type="LINE" missed="8" covered="0"/><counter type="COMPLEXITY" missed="6" covered="0"/><counter type="METHOD" missed="1" covered="0"/></method><counter type="INSTRUCTION" missed="47" covered="0"/><counter type="BRANCH" missed="10" covered="0"/><counter type="LINE" missed="11" covered="0"/><counter type="COMPLEXITY" missed="7" covered="0"/><counter type="METHOD" missed="2" covered="0"/><counter type="CLASS" missed="1" covered="0"/></class><class name="GiftPairingSolution$WriteResultToCSV" sourcefilename="GiftPairingSolution.java"><method name="&lt;init&gt;" desc="()V" line="198"><counter type="INSTRUCTION" missed="3" covered="0"/><counter type="LINE" missed="1" covered="0"/><counter type="COMPLEXITY" missed="1" covered="0"/><counter type="METHOD" missed="1" covered="0"/></method><method name="writeToFile" desc="(Ljava/util/List;Ljava/lang/String;)V" line="204"><counter type="INSTRUCTION" missed="34" covered="0"/><counter type="BRANCH" missed="4" covered="0"/><counter type="LINE" missed="9" covered="0"/><counter type="COMPLEXITY" missed="3" covered="0"/><counter type="METHOD" missed="1" covered="0"/></method><method name="writeToString" desc="(Ljava/util/List;)Ljava/lang/String;" line="219"><counter type="INSTRUCTION" missed="34" covered="0"/><counter type="BRANCH" missed="4" covered="0"/><counter type="LINE" missed="7" covered="0"/><counter type="COMPLEXITY" missed="3" covered="0"/><counter type="METHOD" missed="1" covered="0"/></method><method name="formatPairing" desc="(LGiftPairingSolution$Pairing;)Ljava/lang/String;" line="233"><counter type="INSTRUCTION" missed="53" covered="0"/><counter type="LINE" missed="9" covered="0"/><counter type="COMPLEXITY" missed="1" covered="0"/><counter type="METHOD" missed="1" covered="0"/></method><method name="escapeCSV" desc="(Ljava/lang/String;)Ljava/lang/String;" line="247"><counter type="INSTRUCTION" missed="24" covered="0"/><counter type="BRANCH" missed="8" covered="0"/><counter type="LINE" missed="5" covered="0"/><counter type="COMPLEXITY" missed="5" covered="0"/><counter type="METHOD" missed="1" covered="0"/></method><counter type="INSTRUCTION" missed="148" covered="0"/><counter type="BRANCH" missed="16" covered="0"/><counter type="LINE" missed="31" covered="0"/><counter type="COMPLEXITY" missed="13" covered="0"/><counter type="METHOD" missed="5" covered="0"/><counter type="CLASS" missed="1" covered="0"/></class><class name="ShortURLService$MD5Generator" sourcefilename="ShortURLService.java"><method name="&lt;init&gt;" desc="()V" line="193"><counter type="INSTRUCTION" missed="0" covered="6"/><counter type="LINE" missed="0" covered="3"/><counter type="COMPLEXITY" missed="0" covered="1"/><counter type="METHOD" missed="0" covered="1"/></method><method name="&lt;init&gt;" desc="(Ljava/lang/String;)V" line="197"><counter type="INSTRUCTION" missed="0" covered="10"/><counter type="BRANCH" missed="0" covered="2"/><counter type="LINE" missed="0" covered="3"/><counter type="COMPLEXITY" missed="0" covered="2"/><counter type="METHOD" missed="0" covered="1"/></method><method name="setInput" desc="(Ljava/lang/String;)V" line="202"><counter type="INSTRUCTION" missed="0" covered="8"/><counter type="BRANCH" missed="0" covered="2"/><counter type="LINE" missed="0" covered="2"/><counter type="COMPLEXITY" missed="0" covered="2"/><counter type="METHOD" missed="0" covered="1"/></method><method name="getInput" desc="()Ljava/lang/String;" line="206"><counter type="INSTRUCTION" missed="0" covered="3"/><counter type="LINE" missed="0" covered="1"/><counter type="COMPLEXITY" missed="0" covered="1"/><counter type="METHOD" missed="0" covered="1"/></method><method name="generate" desc="(I)Ljava/lang/String;" line="212"><counter type="INSTRUCTION" missed="7" covered="63"/><counter type="BRANCH" missed="0" covered="6"/><counter type="LINE" missed="2" covered="11"/><counter type="COMPLEXITY" missed="0" covered="4"/><counter type="METHOD" missed="0" covered="1"/></method><method name="generateFromUrl" desc="(Ljava/lang/String;)Ljava/lang/String;" line="240"><counter type="INSTRUCTION" missed="0" covered="7"/><counter type="LINE" missed="0" covered="2"/><counter type="COMPLEXITY" missed="0" covered="1"/><counter type="METHOD" missed="0" covered="1"/></method><counter type="INSTRUCTION" missed="7" covered="97"/><counter type="BRANCH" missed="0" covered="10"/><counter type="LINE" missed="2" covered="22"/><counter type="COMPLEXITY" missed="0" covered="11"/><counter type="METHOD" missed="0" covered="6"/><counter type="CLASS" missed="0" covered="1"/></class><class name="GiftPairingSolution$FamilyMatchRule" sourcefilename="GiftPairingSolution.java"><method name="&lt;init&gt;" desc="()V" line="290"><counter type="INSTRUCTION" missed="3" covered="0"/><counter type="LINE" missed="1" covered="0"/><counter type="COMPLEXITY" missed="1" covered="0"/><counter type="METHOD" missed="1" covered="0"/></method><method name="isPairingValid" desc="(LGiftPairingSolution$Pairing;)Z" line="293"><counter type="INSTRUCTION" missed="28" covered="0"/><counter type="BRANCH" missed="10" covered="0"/><counter type="LINE" missed="6" covered="0"/><counter type="COMPLEXITY" missed="6" covered="0"/><counter type="METHOD" missed="1" covered="0"/></method><counter type="INSTRUCTION" missed="31" covered="0"/><counter type="BRANCH" missed="10" covered="0"/><counter type="LINE" missed="7" covered="0"/><counter type="COMPLEXITY" missed="7" covered="0"/><counter type="METHOD" missed="2" covered="0"/><counter type="CLASS" missed="1" covered="0"/></class><class name="GiftPairingSolution$Participant" sourcefilename="GiftPairingSolution.java"><method name="&lt;init&gt;" desc="(Ljava/lang/String;Ljava/lang/String;Ljava/lang/String;Ljava/lang/String;Ljava/lang/String;)V" line="95"><counter type="INSTRUCTION" missed="18" covered="0"/><counter type="LINE" missed="7" covered="0"/><counter type="COMPLEXITY" missed="1" covered="0"/><counter type="METHOD" missed="1" covered="0"/></method><method name="getId" desc="()Ljava/lang/String;" line="104"><counter type="INSTRUCTION" missed="3" covered="0"/><counter type="LINE" missed="1" covered="0"/><counter type="COMPLEXITY" missed="1" covered="0"/><counter type="METHOD" missed="1" covered="0"/></method><method name="getName" desc="()Ljava/lang/String;" line="108"><counter type="INSTRUCTION" missed="3" covered="0"/><counter type="LINE" missed="1" covered="0"/><counter type="COMPLEXITY" missed="1" covered="0"/><counter type="METHOD" missed="1" covered="0"/></method><method name="getEmail" desc="()Ljava/lang/String;" line="112"><counter type="INSTRUCTION" missed="3" covered="0"/><counter type="LINE" missed="1" covered="0"/><counter type="COMPLEXITY" missed="1" covered="0"/><counter type="METHOD" missed="1" covered="0"/></method><method name="getFamily" desc="()Ljava/lang/String;" line="116"><counter type="INSTRUCTION" missed="3" covered="0"/><counter type="LINE" missed="1" covered="0"/><counter type="COMPLEXITY" missed="1" covered="0"/><counter type="METHOD" missed="1" covered="0"/></method><method name="getDepartment" desc="()Ljava/lang/String;" line="120"><counter type="INSTRUCTION" missed="3" covered="0"/><counter type="LINE" missed="1" covered="0"/><counter type="COMPLEXITY" missed="1" covered="0"/><counter type="METHOD" missed="1" covered="0"/></method><counter type="INSTRUCTION" missed="33" covered="0"/><counter type="LINE" missed="12" covered="0"/><counter type="COMPLEXITY" missed="6" covered="0"/><counter type="METHOD" missed="6" covered="0"/><counter type="CLASS" missed="1" covered="0"/></class><class name="GiftPairingSolution$PairingRule" sourcefilename="GiftPairingSolution.java"/><class name="ShortURLService$URLNotFoundException" sourcefilename="ShortURLService.java"><method name="&lt;init&gt;" desc="(Ljava/lang/String;)V" line="119"><counter type="INSTRUCTION" missed="0" covered="4"/><counter type="LINE" missed="0" covered="2"/><counter type="COMPLEXITY" missed="0" covered="1"/><counter type="METHOD" missed="0" covered="1"/></method><counter type="INSTRUCTION" missed="0" covered="4"/><counter type="LINE" missed="0" covered="2"/><counter type="COMPLEXITY" missed="0" covered="1"/><counter type="METHOD" missed="0" covered="1"/><counter type="CLASS" missed="0" covered="1"/></class><class name="GiftPairingSolution" sourcefilename="GiftPairingSolution.java"><method name="&lt;init&gt;" desc="()V" line="22"><counter type="INSTRUCTION" missed="6" covered="0"/><counter type="LINE" missed="2" covered="0"/><counter type="COMPLEXITY" missed="1" covered="0"/><counter type="METHOD" missed="1" covered="0"/></method><method name="&lt;init&gt;" desc="(Ljava/util/List;)V" line="26"><counter type="INSTRUCTION" missed="28" covered="0"/><counter type="LINE" missed="8" covered="0"/><counter type="COMPLEXITY" missed="1" covered="0"/><counter type="METHOD" missed="1" covered="0"/></method><method name="addDefaultRules" desc="()V" line="38"><counter type="INSTRUCTION" missed="27" covered="0"/><counter type="LINE" missed="5" covered="0"/><counter type="COMPLEXITY" missed="1" covered="0"/><counter type="METHOD" missed="1" covered="0"/></method><method name="addPairingRule" desc="(LGiftPairingSolution$PairingRule;)V" line="45"><counter type="INSTRUCTION" missed="5" covered="0"/><counter type="LINE" missed="2" covered="0"/><counter type="COMPLEXITY" missed="1" covered="0"/><counter type="METHOD" missed="1" covered="0"/></method><method name="removePairingRule" desc="(LGiftPairingSolution$PairingRule;)V" line="49"><counter type="INSTRUCTION" missed="5" covered="0"/><counter type="LINE" missed="2" covered="0"/><counter type="COMPLEXITY" missed="1" covered="0"/><counter type="METHOD" missed="1" covered="0"/></method><method name="generatePairs" desc="(Ljava/lang/String;)Ljava/util/List;" line="53"><counter type="INSTRUCTION" missed="14" covered="0"/><counter type="LINE" missed="3" covered="0"/><counter type="COMPLEXITY" missed="1" covered="0"/><counter type="METHOD" missed="1" covered="0"/></method><method name="generatePairsFromParticipants" desc="(Ljava/util/List;)Ljava/util/List;" line="59"><counter type="INSTRUCTION" missed="9" covered="0"/><counter type="LINE" missed="2" covered="0"/><counter type="COMPLEXITY" missed="1" covered="0"/><counter type="METHOD" missed="1" covered="0"/></method><method name="exportGeneratedPairs" desc="(Ljava/lang/String;)V" line="64"><counter type="INSTRUCTION" missed="7" covered="0"/><counter type="LINE" missed="2" covered="0"/><counter type="COMPLEXITY" missed="1" covered="0"/><counter type="METHOD" missed="1" covered="0"/></method><method name="exportGeneratedPairsToString" desc="()Ljava/lang/String;" line="68"><counter type="INSTRUCTION" missed="6" covered="0"/><counter type="LINE" missed="1" covered="0"/><counter type="COMPLEXITY" missed="1" covered="0"/><counter type="METHOD" missed="1" covered="0"/></method><method name="getPairingEngine" desc="()LGiftPairingSolution$PairingEngine;" line="72"><counter type="INSTRUCTION" missed="3" covered="0"/><counter type="LINE" missed="1" covered="0"/><counter type="COMPLEXITY" missed="1" covered="0"/><counter type="METHOD" missed="1" covered="0"/></method><method name="getCsvReader" desc="()LGiftPairingSolution$CSVReader;" line="76"><counter type="INSTRUCTION" missed="3" covered="0"/><counter type="LINE" missed="1" covered="0"/><counter type="COMPLEXITY" missed="1" covered="0"/><counter type="METHOD" missed="1" covered="0"/></method><method name="getCsvWriter" desc="()LGiftPairingSolution$WriteResultToCSV;" line="80"><counter type="INSTRUCTION" missed="3" covered="0"/><counter type="LINE" missed="1" covered="0"/><counter type="COMPLEXITY" missed="1" covered="0"/><counter type="METHOD" missed="1" covered="0"/></method><method name="getGeneratedPairings" desc="()Ljava/util/List;" line="84"><counter type="INSTRUCTION" missed="3" covered="0"/><counter type="LINE" missed="1" covered="0"/><counter type="COMPLEXITY" missed="1" covered="0"/><counter type="METHOD" missed="1" covered="0"/></method><counter type="INSTRUCTION" missed="119" covered="0"/><counter type="LINE" missed="31" covered="0"/><counter type="COMPLEXITY" missed="13" covered="0"/><counter type="METHOD" missed="13" covered="0"/><counter type="CLASS" missed="1" covered="0"/></class><class name="ShortURLService" sourcefilename="ShortURLService.java"><method name="&lt;init&gt;" desc="()V" line="22"><counter type="INSTRUCTION" missed="0" covered="9"/><counter type="LINE" missed="0" covered="2"/><counter type="COMPLEXITY" missed="0" covered="1"/><counter type="METHOD" missed="0" covered="1"/></method><method name="&lt;init&gt;" desc="(LShortURLService$URLRepository;LShortURLService$CodeGenerator;)V" line="26"><counter type="INSTRUCTION" missed="0" covered="9"/><counter type="LINE" missed="0" covered="4"/><counter type="COMPLEXITY" missed="0" covered="1"/><counter type="METHOD" missed="0" covered="1"/></method><method name="shorten" desc="(Ljava/lang/String;)LShortURLService$ShortURLResult;" line="37"><counter type="INSTRUCTION" missed="0" covered="49"/><counter type="BRANCH" missed="1" covered="7"/><counter type="LINE" missed="0" covered="9"/><counter type="COMPLEXITY" missed="1" covered="4"/><counter type="METHOD" missed="0" covered="1"/></method><method name="resolve" desc="(Ljava/lang/String;)Ljava/lang/String;" line="66"><counter type="INSTRUCTION" missed="0" covered="26"/><counter type="BRANCH" missed="0" covered="6"/><counter type="LINE" missed="0" covered="6"/><counter type="COMPLEXITY" missed="0" covered="4"/><counter type="METHOD" missed="0" covered="1"/></method><method name="getBaseUrl" desc="()Ljava/lang/String;" line="82"><counter type="INSTRUCTION" missed="0" covered="2"/><counter type="LINE" missed="0" covered="1"/><counter type="COMPLEXITY" missed="0" covered="1"/><counter type="METHOD" missed="0" covered="1"/></method><counter type="INSTRUCTION" missed="0" covered="95"/><counter type="BRANCH" missed="1" covered="13"/><counter type="LINE" missed="0" covered="22"/><counter type="COMPLEXITY" missed="1" covered="11"/><counter type="METHOD" missed="0" covered="5"/><counter type="CLASS" missed="0" covered="1"/></class><class name="GiftPairingSolution$PairingEngine" sourcefilename="GiftPairingSolution.java"><method name="&lt;init&gt;" desc="()V" line="351"><counter type="INSTRUCTION" missed="8" covered="0"/><counter type="LINE" missed="3" covered="0"/><counter type="COMPLEXITY" missed="1" covered="0"/><counter type="METHOD" missed="1" covered="0"/></method><method name="addRule" desc="(LGiftPairingSolution$PairingRule;)V" line="356"><counter type="INSTRUCTION" missed="8" covered="0"/><counter type="BRANCH" missed="2" covered="0"/><counter type="LINE" missed="3" covered="0"/><counter type="COMPLEXITY" missed="2" covered="0"/><counter type="METHOD" missed="1" covered="0"/></method><method name="removeRule" desc="(LGiftPairingSolution$PairingRule;)V" line="362"><counter type="INSTRUCTION" missed="6" covered="0"/><counter type="LINE" missed="2" covered="0"/><counter type="COMPLEXITY" missed="1" covered="0"/><counter type="METHOD" missed="1" covered="0"/></method><method name="isValidPairing" desc="(LGiftPairingSolution$Pairing;)Z" line="367"><counter type="INSTRUCTION" missed="20" covered="0"/><counter type="BRANCH" missed="4" covered="0"/><counter type="LINE" missed="5" covered="0"/><counter type="COMPLEXITY" missed="3" covered="0"/><counter type="METHOD" missed="1" covered="0"/></method><method name="generatePairingResult" desc="(Ljava/util/List;)Ljava/util/List;" line="377"><counter type="INSTRUCTION" missed="35" covered="0"/><counter type="BRANCH" missed="6" covered="0"/><counter type="LINE" missed="8" covered="0"/><counter type="COMPLEXITY" missed="4" covered="0"/><counter type="METHOD" missed="1" covered="0"/></method><method name="findPairings" desc="(Ljava/util/List;Ljava/util/List;Ljava/util/List;I)Z" line="398"><counter type="INSTRUCTION" missed="66" covered="0"/><counter type="BRANCH" missed="8" covered="0"/><counter type="LINE" missed="14" covered="0"/><counter type="COMPLEXITY" missed="5" covered="0"/><counter type="METHOD" missed="1" covered="0"/></method><counter type="INSTRUCTION" missed="143" covered="0"/><counter type="BRANCH" missed="20" covered="0"/><counter type="LINE" missed="35" covered="0"/><counter type="COMPLEXITY" missed="16" covered="0"/><counter type="METHOD" missed="6" covered="0"/><counter type="CLASS" missed="1" covered="0"/></class><class name="GiftPairingSolution$CSVReader" sourcefilename="GiftPairingSolution.java"><method name="&lt;init&gt;" desc="()V" line="125"><counter type="INSTRUCTION" missed="3" covered="0"/><counter type="LINE" missed="1" covered="0"/><counter type="COMPLEXITY" missed="1" covered="0"/><counter type="METHOD" missed="1" covered="0"/></method><method name="readFromFile" desc="(Ljava/lang/String;)Ljava/util/List;" line="129"><counter type="INSTRUCTION" missed="37" covered="0"/><counter type="BRANCH" missed="6" covered="0"/><counter type="LINE" missed="12" covered="0"/><counter type="COMPLEXITY" missed="4" covered="0"/><counter type="METHOD" missed="1" covered="0"/></method><method name="readFromString" desc="(Ljava/lang/String;)Ljava/util/List;" line="153"><counter type="INSTRUCTION" missed="37" covered="0"/><counter type="BRANCH" missed="6" covered="0"/><counter type="LINE" missed="12" covered="0"/><counter type="COMPLEXITY" missed="4" covered="0"/><counter type="METHOD" missed="1" covered="0"/></method><method name="parseLine" desc="(Ljava/lang/String;)LGiftPairingSolution$Participant;" line="177"><counter type="INSTRUCTION" missed="53" covered="0"/><counter type="BRANCH" missed="6" covered="0"/><counter type="LINE" missed="11" covered="0"/><counter type="COMPLEXITY" missed="4" covered="0"/><counter type="METHOD" missed="1" covered="0"/></method><counter type="INSTRUCTION" missed="130" covered="0"/><counter type="BRANCH" missed="18" covered="0"/><counter type="LINE" missed="36" covered="0"/><counter type="COMPLEXITY" missed="13" covered="0"/><counter type="METHOD" missed="4" covered="0"/><counter type="CLASS" missed="1" covered="0"/></class><class name="GiftPairingSolution$Pairing" sourcefilename="GiftPairingSolution.java"><method name="&lt;init&gt;" desc="(LGiftPairingSolution$Participant;LGiftPairingSolution$Participant;)V" line="262"><counter type="INSTRUCTION" missed="9" covered="0"/><counter type="LINE" missed="4" covered="0"/><counter type="COMPLEXITY" missed="1" covered="0"/><counter type="METHOD" missed="1" covered="0"/></method><method name="getSender" desc="()LGiftPairingSolution$Participant;" line="268"><counter type="INSTRUCTION" missed="3" covered="0"/><counter type="LINE" missed="1" covered="0"/><counter type="COMPLEXITY" missed="1" covered="0"/><counter type="METHOD" missed="1" covered="0"/></method><method name="getReceiver" desc="()LGiftPairingSolution$Participant;" line="272"><counter type="INSTRUCTION" missed="3" covered="0"/><counter type="LINE" missed="1" covered="0"/><counter type="COMPLEXITY" missed="1" covered="0"/><counter type="METHOD" missed="1" covered="0"/></method><counter type="INSTRUCTION" missed="15" covered="0"/><counter type="LINE" missed="6" covered="0"/><counter type="COMPLEXITY" missed="3" covered="0"/><counter type="METHOD" missed="3" covered="0"/><counter type="CLASS" missed="1" covered="0"/></class><class name="ShortURLService$URLRepository" sourcefilename="ShortURLService.java"/><sourcefile name="GiftPairingSolution.java"><line nr="22" mi="5" ci="0" mb="0" cb="0"/><line nr="23" mi="1" ci="0" mb="0" cb="0"/><line nr="26" mi="2" ci="0" mb="0" cb="0"/><line nr="27" mi="5" ci="0" mb="0" cb="0"/><line nr="28" mi="5" ci="0" mb="0" cb="0"/><line nr="29" mi="5" ci="0" mb="0" cb="0"/><line nr="30" mi="3" ci="0" mb="0" cb="0"/><line nr="31" mi="5" ci="0" mb="0" cb="0"/><line nr="34" mi="2" ci="0" mb="0" cb="0"/><line nr="35" mi="1" ci="0" mb="0" cb="0"/><line nr="38" mi="6" ci="0" mb="0" cb="0"/><line nr="39" mi="6" ci="0" mb="0" cb="0"/><line nr="40" mi="8" ci="0" mb="0" cb="0"/><line nr="41" mi="6" ci="0" mb="0" cb="0"/><line nr="42" mi="1" ci="0" mb="0" cb="0"/><line nr="45" mi="4" ci="0" mb="0" cb="0"/><line nr="46" mi="1" ci="0" mb="0" cb="0"/><line nr="49" mi="4" ci="0" mb="0" cb="0"/><line nr="50" mi="1" ci="0" mb="0" cb="0"/><line nr="53" mi="5" ci="0" mb="0" cb="0"/><line nr="54" mi="6" ci="0" mb="0" cb="0"/><line nr="55" mi="3" ci="0" mb="0" cb="0"/><line nr="59" mi="6" ci="0" mb="0" cb="0"/><line nr="60" mi="3" ci="0" mb="0" cb="0"/><line nr="64" mi="6" ci="0" mb="0" cb="0"/><line nr="65" mi="1" ci="0" mb="0" cb="0"/><line nr="68" mi="6" ci="0" mb="0" cb="0"/><line nr="72" mi="3" ci="0" mb="0" cb="0"/><line nr="76" mi="3" ci="0" mb="0" cb="0"/><line nr="80" mi="3" ci="0" mb="0" cb="0"/><line nr="84" mi="3" ci="0" mb="0" cb="0"/><line nr="95" mi="2" ci="0" mb="0" cb="0"/><line nr="96" mi="3" ci="0" mb="0" cb="0"/><line nr="97" mi="3" ci="0" mb="0" cb="0"/><line nr="98" mi="3" ci="0" mb="0" cb="0"/><line nr="99" mi="3" ci="0" mb="0" cb="0"/><line nr="100" mi="3" ci="0" mb="0" cb="0"/><line nr="101" mi="1" ci="0" mb="0" cb="0"/><line nr="104" mi="3" ci="0" mb="0" cb="0"/><line nr="108" mi="3" ci="0" mb="0" cb="0"/><line nr="112" mi="3" ci="0" mb="0" cb="0"/><line nr="116" mi="3" ci="0" mb="0" cb="0"/><line nr="120" mi="3" ci="0" mb="0" cb="0"/><line nr="125" mi="3" ci="0" mb="0" cb="0"/><line nr="129" mi="4" ci="0" mb="0" cb="0"/><line nr="131" mi="8" ci="0" mb="0" cb="0"/><line nr="133" mi="2" ci="0" mb="0" cb="0"/><line nr="135" mi="5" ci="0" mb="2" cb="0"/><line nr="136" mi="2" ci="0" mb="2" cb="0"/><line nr="137" mi="2" ci="0" mb="0" cb="0"/><line nr="138" mi="1" ci="0" mb="0" cb="0"/><line nr="141" mi="4" ci="0" mb="0" cb="0"/><line nr="142" mi="2" ci="0" mb="2" cb="0"/><line nr="143" mi="4" ci="0" mb="0" cb="0"/><line nr="145" mi="1" ci="0" mb="0" cb="0"/><line nr="148" mi="2" ci="0" mb="0" cb="0"/><line nr="153" mi="4" ci="0" mb="0" cb="0"/><line nr="155" mi="8" ci="0" mb="0" cb="0"/><line nr="157" mi="2" ci="0" mb="0" cb="0"/><line nr="159" mi="5" ci="0" mb="2" cb="0"/><line nr="160" mi="2" ci="0" mb="2" cb="0"/><line nr="161" mi="2" ci="0" mb="0" cb="0"/><line nr="162" mi="1" ci="0" mb="0" cb="0"/><line nr="165" mi="4" ci="0" mb="0" cb="0"/><line nr="166" mi="2" ci="0" mb="2" cb="0"/><line nr="167" mi="4" ci="0" mb="0" cb="0"/><line nr="169" mi="1" ci="0" mb="0" cb="0"/><line nr="172" mi="2" ci="0" mb="0" cb="0"/><line nr="177" mi="6" ci="0" mb="4" cb="0"/><line nr="178" mi="2" ci="0" mb="0" cb="0"/><line nr="181" mi="5" ci="0" mb="0" cb="0"/><line nr="183" mi="4" ci="0" mb="2" cb="0"/><line nr="184" mi="2" ci="0" mb="0" cb="0"/><line nr="187" mi="5" ci="0" mb="0" cb="0"/><line nr="188" mi="5" ci="0" mb="0" cb="0"/><line nr="189" mi="5" ci="0" mb="0" cb="0"/><line nr="190" mi="5" ci="0" mb="0" cb="0"/><line nr="191" mi="5" ci="0" mb="0" cb="0"/><line nr="193" mi="9" ci="0" mb="0" cb="0"/><line nr="198" mi="3" ci="0" mb="0" cb="0"/><line nr="204" mi="8" ci="0" mb="0" cb="0"/><line nr="205" mi="3" ci="0" mb="0" cb="0"/><line nr="206" mi="2" ci="0" mb="0" cb="0"/><line nr="208" mi="2" ci="0" mb="2" cb="0"/><line nr="209" mi="10" ci="0" mb="2" cb="0"/><line nr="210" mi="5" ci="0" mb="0" cb="0"/><line nr="211" mi="2" ci="0" mb="0" cb="0"/><line nr="212" mi="1" ci="0" mb="0" cb="0"/><line nr="215" mi="1" ci="0" mb="0" cb="0"/><line nr="219" mi="4" ci="0" mb="0" cb="0"/><line nr="220" mi="6" ci="0" mb="0" cb="0"/><line nr="222" mi="2" ci="0" mb="2" cb="0"/><line nr="223" mi="10" ci="0" mb="2" cb="0"/><line nr="224" mi="8" ci="0" mb="0" cb="0"/><line nr="225" mi="1" ci="0" mb="0" cb="0"/><line nr="228" mi="3" ci="0" mb="0" cb="0"/><line nr="233" mi="3" ci="0" mb="0" cb="0"/><line nr="234" mi="3" ci="0" mb="0" cb="0"/><line nr="236" mi="9" ci="0" mb="0" cb="0"/><line nr="237" mi="7" ci="0" mb="0" cb="0"/><line nr="238" mi="7" ci="0" mb="0" cb="0"/><line nr="239" mi="7" ci="0" mb="0" cb="0"/><line nr="240" mi="7" ci="0" mb="0" cb="0"/><line nr="241" mi="7" ci="0" mb="0" cb="0"/><line nr="242" mi="3" ci="0" mb="0" cb="0"/><line nr="247" mi="2" ci="0" mb="2" cb="0"/><line nr="248" mi="2" ci="0" mb="0" cb="0"/><line nr="250" mi="12" ci="0" mb="6" cb="0"/><line nr="251" mi="6" ci="0" mb="0" cb="0"/><line nr="253" mi="2" ci="0" mb="0" cb="0"/><line nr="262" mi="2" ci="0" mb="0" cb="0"/><line nr="263" mi="3" ci="0" mb="0" cb="0"/><line nr="264" mi="3" ci="0" mb="0" cb="0"/><line nr="265" mi="1" ci="0" mb="0" cb="0"/><line nr="268" mi="3" ci="0" mb="0" cb="0"/><line nr="272" mi="3" ci="0" mb="0" cb="0"/><line nr="282" mi="3" ci="0" mb="0" cb="0"/><line nr="285" mi="12" ci="0" mb="2" cb="0"/><line nr="290" mi="3" ci="0" mb="0" cb="0"/><line nr="293" mi="4" ci="0" mb="0" cb="0"/><line nr="294" mi="4" ci="0" mb="0" cb="0"/><line nr="297" mi="8" ci="0" mb="6" cb="0"/><line nr="298" mi="2" ci="0" mb="2" cb="0"/><line nr="299" mi="2" ci="0" mb="0" cb="0"/><line nr="302" mi="8" ci="0" mb="2" cb="0"/><line nr="310" mi="2" ci="0" mb="0" cb="0"/><line nr="311" mi="3" ci="0" mb="0" cb="0"/><line nr="312" mi="1" ci="0" mb="0" cb="0"/><line nr="316" mi="7" ci="0" mb="4" cb="0"/><line nr="317" mi="2" ci="0" mb="0" cb="0"/><line nr="320" mi="11" ci="0" mb="2" cb="0"/><line nr="321" mi="9" ci="0" mb="2" cb="0"/><line nr="322" mi="7" ci="0" mb="2" cb="0"/><line nr="323" mi="2" ci="0" mb="0" cb="0"/><line nr="325" mi="1" ci="0" mb="0" cb="0"/><line nr="326" mi="2" ci="0" mb="0" cb="0"/><line nr="331" mi="3" ci="0" mb="0" cb="0"/><line nr="334" mi="4" ci="0" mb="0" cb="0"/><line nr="335" mi="4" ci="0" mb="0" cb="0"/><line nr="338" mi="8" ci="0" mb="6" cb="0"/><line nr="339" mi="2" ci="0" mb="2" cb="0"/><line nr="340" mi="2" ci="0" mb="0" cb="0"/><line nr="343" mi="8" ci="0" mb="2" cb="0"/><line nr="351" mi="2" ci="0" mb="0" cb="0"/><line nr="352" mi="5" ci="0" mb="0" cb="0"/><line nr="353" mi="1" ci="0" mb="0" cb="0"/><line nr="356" mi="2" ci="0" mb="2" cb="0"/><line nr="357" mi="5" ci="0" mb="0" cb="0"/><line nr="359" mi="1" ci="0" mb="0" cb="0"/><line nr="362" mi="5" ci="0" mb="0" cb="0"/><line nr="363" mi="1" ci="0" mb="0" cb="0"/><line nr="367" mi="11" ci="0" mb="2" cb="0"/><line nr="368" mi="4" ci="0" mb="2" cb="0"/><line nr="369" mi="2" ci="0" mb="0" cb="0"/><line nr="371" mi="1" ci="0" mb="0" cb="0"/><line nr="372" mi="2" ci="0" mb="0" cb="0"/><line nr="377" mi="4" ci="0" mb="0" cb="0"/><line nr="379" mi="6" ci="0" mb="4" cb="0"/><line nr="380" mi="2" ci="0" mb="0" cb="0"/><line nr="383" mi="5" ci="0" mb="0" cb="0"/><line nr="384" mi="5" ci="0" mb="0" cb="0"/><line nr="387" mi="7" ci="0" mb="2" cb="0"/><line nr="388" mi="2" ci="0" mb="0" cb="0"/><line nr="392" mi="4" ci="0" mb="0" cb="0"/><line nr="398" mi="4" ci="0" mb="2" cb="0"/><line nr="399" mi="2" ci="0" mb="0" cb="0"/><line nr="402" mi="5" ci="0" mb="0" cb="0"/><line nr="404" mi="8" ci="0" mb="2" cb="0"/><line nr="405" mi="5" ci="0" mb="0" cb="0"/><line nr="406" mi="6" ci="0" mb="0" cb="0"/><line nr="408" mi="4" ci="0" mb="2" cb="0"/><line nr="409" mi="4" ci="0" mb="0" cb="0"/><line nr="410" mi="4" ci="0" mb="0" cb="0"/><line nr="412" mi="9" ci="0" mb="2" cb="0"/><line nr="413" mi="2" ci="0" mb="0" cb="0"/><line nr="417" mi="7" ci="0" mb="0" cb="0"/><line nr="418" mi="4" ci="0" mb="0" cb="0"/><line nr="422" mi="2" ci="0" mb="0" cb="0"/><counter type="INSTRUCTION" missed="712" covered="0"/><counter type="BRANCH" missed="86" covered="0"/><counter type="LINE" missed="178" covered="0"/><counter type="COMPLEXITY" missed="88" covered="0"/><counter type="METHOD" missed="45" covered="0"/><counter type="CLASS" missed="10" covered="0"/></sourcefile><sourcefile name="ShortURLService.java"><line nr="22" mi="0" ci="8" mb="0" cb="0"/><line nr="23" mi="0" ci="1" mb="0" cb="0"/><line nr="26" mi="0" ci="2" mb="0" cb="0"/><line nr="27" mi="0" ci="3" mb="0" cb="0"/><line nr="28" mi="0" ci="3" mb="0" cb="0"/><line nr="29" mi="0" ci="1" mb="0" cb="0"/><line nr="37" mi="0" ci="6" mb="0" cb="4"/><line nr="38" mi="0" ci="5" mb="0" cb="0"/><line nr="42" mi="0" ci="5" mb="0" cb="0"/><line nr="43" mi="0" ci="2" mb="0" cb="2"/><line nr="44" mi="0" ci="8" mb="0" cb="0"/><line nr="50" mi="0" ci="5" mb="0" cb="0"/><line nr="51" mi="0" ci="5" mb="1" cb="1"/><line nr="54" mi="0" ci="5" mb="0" cb="0"/><line nr="56" mi="0" ci="8" mb="0" cb="0"/><line nr="66" mi="0" ci="6" mb="0" cb="4"/><line nr="67" mi="0" ci="5" mb="0" cb="0"/><line nr="70" mi="0" ci="5" mb="0" cb="0"/><line nr="71" mi="0" ci="2" mb="0" cb="2"/><line nr="72" mi="0" ci="6" mb="0" cb="0"/><line nr="75" mi="0" ci="2" mb="0" cb="0"/><line nr="82" mi="0" ci="2" mb="0" cb="0"/><line nr="95" mi="0" ci="2" mb="0" cb="0"/><line nr="96" mi="0" ci="3" mb="0" cb="0"/><line nr="97" mi="0" ci="3" mb="0" cb="0"/><line nr="98" mi="0" ci="3" mb="0" cb="0"/><line nr="99" mi="0" ci="1" mb="0" cb="0"/><line nr="102" mi="0" ci="3" mb="0" cb="0"/><line nr="106" mi="0" ci="3" mb="0" cb="0"/><line nr="110" mi="0" ci="3" mb="0" cb="0"/><line nr="119" mi="0" ci="3" mb="0" cb="0"/><line nr="120" mi="0" ci="1" mb="0" cb="0"/><line nr="143" mi="0" ci="2" mb="0" cb="0"/><line nr="144" mi="0" ci="5" mb="0" cb="0"/><line nr="145" mi="0" ci="6" mb="0" cb="0"/><line nr="149" mi="0" ci="6" mb="0" cb="0"/><line nr="150" mi="0" ci="6" mb="0" cb="0"/><line nr="151" mi="0" ci="1" mb="0" cb="0"/><line nr="155" mi="0" ci="6" mb="0" cb="0"/><line nr="160" mi="0" ci="6" mb="0" cb="0"/><line nr="165" mi="0" ci="5" mb="0" cb="0"/><line nr="172" mi="0" ci="2" mb="0" cb="0"/><line nr="173" mi="0" ci="6" mb="0" cb="0"/><line nr="177" mi="0" ci="5" mb="0" cb="0"/><line nr="178" mi="0" ci="7" mb="0" cb="2"/><line nr="179" mi="0" ci="6" mb="0" cb="0"/><line nr="180" mi="0" ci="6" mb="0" cb="0"/><line nr="182" mi="0" ci="3" mb="0" cb="0"/><line nr="193" mi="0" ci="2" mb="0" cb="0"/><line nr="194" mi="0" ci="3" mb="0" cb="0"/><line nr="195" mi="0" ci="1" mb="0" cb="0"/><line nr="197" mi="0" ci="2" mb="0" cb="0"/><line nr="198" mi="0" ci="7" mb="0" cb="2"/><line nr="199" mi="0" ci="1" mb="0" cb="0"/><line nr="202" mi="0" ci="7" mb="0" cb="2"/><line nr="203" mi="0" ci="1" mb="0" cb="0"/><line nr="206" mi="0" ci="3" mb="0" cb="0"/><line nr="212" mi="0" ci="3" mb="0" cb="0"/><line nr="213" mi="0" ci="6" mb="0" cb="0"/><line nr="216" mi="0" ci="4" mb="0" cb="0"/><line nr="217" mi="0" ci="16" mb="0" cb="2"/><line nr="218" mi="0" ci="4" mb="0" cb="0"/><line nr="219" mi="0" ci="9" mb="0" cb="0"/><line nr="220" mi="0" ci="4" mb="0" cb="2"/><line nr="221" mi="0" ci="1" mb="0" cb="0"/><line nr="226" mi="0" ci="4" mb="0" cb="2"/><line nr="227" mi="0" ci="7" mb="0" cb="0"/><line nr="230" mi="0" ci="5" mb="0" cb="0"/><line nr="231" mi="1" ci="0" mb="0" cb="0"/><line nr="232" mi="6" ci="0" mb="0" cb="0"/><line nr="240" mi="0" ci="3" mb="0" cb="0"/><line nr="241" mi="0" ci="4" mb="0" cb="0"/><counter type="INSTRUCTION" missed="7" covered="295"/><counter type="BRANCH" missed="1" covered="25"/><counter type="LINE" missed="2" covered="70"/><counter type="COMPLEXITY" missed="1" covered="35"/><counter type="METHOD" missed="0" covered="23"/><counter type="CLASS" missed="0" covered="6"/></sourcefile><counter type="INSTRUCTION" missed="719" covered="295"/><counter type="BRANCH" missed="87" covered="25"/><counter type="LINE" missed="180" covered="70"/><counter type="COMPLEXITY" missed="89" covered="35"/><counter type="METHOD" missed="45" covered="23"/><counter type="CLASS" missed="10" covered="6"/></package><counter type="INSTRUCTION" missed="719" covered="295"/><counter type="BRANCH" missed="87" covered="25"/><counter type="LINE" missed="180" covered="70"/><counter type="COMPLEXITY" missed="89" covered="35"/><counter type="METHOD" missed="45" covered="23"/><counter type="CLASS" missed="10" covered="6"/></report>