<?xml version="1.0" encoding="UTF-8"?>
<testsuite xmlns:xsi="http://www.w3.org/2001/XMLSchema-instance" xsi:noNamespaceSchemaLocation="https://maven.apache.org/surefire/maven-surefire-plugin/xsd/surefire-test-report-3.0.xsd" version="3.0" name="ShortURLServiceTest" time="0.049" tests="36" errors="0" skipped="0" failures="0">
  <properties>
[...]
</properties>
  <testcase name="testMD5GeneratorSetInput" classname="ShortURLServiceTest" time="0.016"/>
  <testcase name="testRandomCodeGeneratorUsesValidCharacters" classname="ShortURLServiceTest" time="0.004"/>
  <testcase name="testShortenWhitespaceUrlThrowsException" classname="ShortURLServiceTest" time="0.001"/>
  <testcase name="testMD5GeneratorSetInputNull" classname="ShortURLServiceTest" time="0.001"/>
  <testcase name="testMD5GeneratorWithInput" classname="ShortURLServiceTest" time="0.001"/>
  <testcase name="testShortenNullUrlThrowsException" classname="ShortURLServiceTest" time="0.001"/>
  <testcase name="testServiceWithMD5Generator" classname="ShortURLServiceTest" time="0.001"/>
  <testcase name="testShortURLResultGetters" classname="ShortURLServiceTest" time="0.0"/>
  <testcase name="testResolveEmptyCodeThrowsException" classname="ShortURLServiceTest" time="0.0"/>
  <testcase name="testMD5GeneratorConstructorWithNull" classname="ShortURLServiceTest" time="0.001"/>
  <testcase name="testResolveShortCode" classname="ShortURLServiceTest" time="0.0"/>
  <testcase name="testMD5GeneratorGenerateFromUrl" classname="ShortURLServiceTest" time="0.001"/>
  <testcase name="testShortenSameUrlReturnsSameCode" classname="ShortURLServiceTest" time="0.0"/>
  <testcase name="testResolveNullCodeThrowsException" classname="ShortURLServiceTest" time="0.001"/>
  <testcase name="testMD5GeneratorDefaultConstructor" classname="ShortURLServiceTest" time="0.0"/>
  <testcase name="testRandomCodeGeneratorLength" classname="ShortURLServiceTest" time="0.001"/>
  <testcase name="testShortenDifferentUrlsReturnsDifferentCodes" classname="ShortURLServiceTest" time="0.001"/>
  <testcase name="testURLNotFoundExceptionMessage" classname="ShortURLServiceTest" time="0.0"/>
  <testcase name="testResolveNonExistentCodeThrowsException" classname="ShortURLServiceTest" time="0.001"/>
  <testcase name="testFullWorkflow" classname="ShortURLServiceTest" time="0.0"/>
  <testcase name="testGetBaseUrl" classname="ShortURLServiceTest" time="0.001"/>
  <testcase name="testMD5GeneratorDifferentInputsDifferentCodes" classname="ShortURLServiceTest" time="0.0"/>
  <testcase name="testShortenEmptyUrlThrowsException" classname="ShortURLServiceTest" time="0.001"/>
  <testcase name="testInMemoryRepositorySaveAndFind" classname="ShortURLServiceTest" time="0.0"/>
  <testcase name="testMD5GeneratorDeterministic" classname="ShortURLServiceTest" time="0.0"/>
  <testcase name="testRandomCodeGeneratorProducesUniqueResults" classname="ShortURLServiceTest" time="0.0"/>
  <testcase name="testShortenUrl" classname="ShortURLServiceTest" time="0.001"/>
  <testcase name="testManyUrls" classname="ShortURLServiceTest" time="0.001"/>
  <testcase name="testMD5GeneratorSpecialCharacters" classname="ShortURLServiceTest" time="0.0"/>
  <testcase name="testMD5GeneratorGenerateFromUrlDeterministic" classname="ShortURLServiceTest" time="0.001"/>
  <testcase name="testMD5GeneratorEmptyInput" classname="ShortURLServiceTest" time="0.0"/>
  <testcase name="testCustomCodeGenerator" classname="ShortURLServiceTest" time="0.001"/>
  <testcase name="testMD5GeneratorLongLength" classname="ShortURLServiceTest" time="0.0"/>
  <testcase name="testInMemoryRepositoryFindNonExistent" classname="ShortURLServiceTest" time="0.001"/>
  <testcase name="testMD5GeneratorUsesValidCharacters" classname="ShortURLServiceTest" time="0.0"/>
  <testcase name="testMD5GeneratorDifferentLengths" classname="ShortURLServiceTest" time="0.001"/>
</testsuite>