<?xml version="1.0" encoding="UTF-8"?>
<testsuite xmlns:xsi="http://www.w3.org/2001/XMLSchema-instance" xsi:noNamespaceSchemaLocation="https://maven.apache.org/surefire/maven-surefire-plugin/xsd/surefire-test-report-3.0.xsd" version="3.0" name="RobotNavigationSolutionTest$NavigationMoveWithObstaclesTests" time="0.02" tests="6" errors="0" skipped="0" failures="0">
  <properties>
[...]
</properties>
  <testcase name="testNoObstacleInPath" classname="RobotNavigationSolutionTest$NavigationMoveWithObstaclesTests" time="0.001"/>
  <testcase name="testMoveBlockedInMiddle" classname="RobotNavigationSolutionTest$NavigationMoveWithObstaclesTests" time="0.001"/>
  <testcase name="testMoveBlockedThenContinue" classname="RobotNavigationSolutionTest$NavigationMoveWithObstaclesTests" time="0.001"/>
  <testcase name="testMoveBlockedAtLastStep" classname="RobotNavigationSolutionTest$NavigationMoveWithObstaclesTests" time="0.001"/>
  <testcase name="testBackwardMoveBlocked" classname="RobotNavigationSolutionTest$NavigationMoveWithObstaclesTests" time="0.001"/>
  <testcase name="testMoveBlockedAtFirstStep" classname="RobotNavigationSolutionTest$NavigationMoveWithObstaclesTests" time="0.001"/>
</testsuite>