<?xml version="1.0" encoding="UTF-8"?>
<testsuite xmlns:xsi="http://www.w3.org/2001/XMLSchema-instance" xsi:noNamespaceSchemaLocation="https://maven.apache.org/surefire/maven-surefire-plugin/xsd/surefire-test-report-3.0.xsd" version="3.0" name="GiftPairingSolutionTest" time="0.122" tests="56" errors="0" skipped="0" failures="0">
  <properties>
[...]
</properties>
  <testcase name="testGiftPairingSolutionExportGeneratedPairs" classname="GiftPairingSolutionTest" time="0.029"/>
  <testcase name="testWriteResultToCSVToStringMultiplePairings" classname="GiftPairingSolutionTest" time="0.001"/>
  <testcase name="testGeneratePairsFromSingleParticipantFile" classname="GiftPairingSolutionTest" time="0.002"/>
  <testcase name="testGiftPairingSolutionGetCsvWriter" classname="GiftPairingSolutionTest" time="0.002"/>
  <testcase name="testGeneratePairsFailsForTwoParticipantsSameFamilyAndDepartment" classname="GiftPairingSolutionTest" time="0.001"/>
  <testcase name="testRepeatingFromLastYearRuleAcceptsNullLastYear" classname="GiftPairingSolutionTest" time="0.001"/>
  <testcase name="testParticipantCreation" classname="GiftPairingSolutionTest" time="0.003"/>
  <testcase name="testWriteResultToCSVHandlesNullValues" classname="GiftPairingSolutionTest" time="0.001"/>
  <testcase name="testWriteResultToCSVToString" classname="GiftPairingSolutionTest" time="0.001"/>
  <testcase name="testGeneratePairsFailsForAllSameFamilyAndDepartment" classname="GiftPairingSolutionTest" time="0.002"/>
  <testcase name="testCSVReaderWithInvalidLine" classname="GiftPairingSolutionTest" time="0.001"/>
  <testcase name="testCSVReaderFromFile" classname="GiftPairingSolutionTest" time="0.002"/>
  <testcase name="testCSVReaderWithEmptyLines" classname="GiftPairingSolutionTest" time="0.001"/>
  <testcase name="testGiftPairingSolutionExportGeneratedPairsToString" classname="GiftPairingSolutionTest" time="0.001"/>
  <testcase name="testCSVReaderFromString" classname="GiftPairingSolutionTest" time="0.001"/>
  <testcase name="testGiftPairingSolutionCreatesWithLastYearPairings" classname="GiftPairingSolutionTest" time="0.001"/>
  <testcase name="testSelfMatchingRuleRejectsSamePerson" classname="GiftPairingSolutionTest" time="0.002"/>
  <testcase name="testGeneratePairsWithOnlySelfMatchingRule" classname="GiftPairingSolutionTest" time="0.001"/>
  <testcase name="testGeneratePairsFromMixedFamiliesDepartmentsFile" classname="GiftPairingSolutionTest" time="0.002"/>
  <testcase name="testGeneratePairsFailsForAllSameFamilyWithFamilyRule" classname="GiftPairingSolutionTest" time="0.001"/>
  <testcase name="testGeneratePairsFromValidParticipantsFile" classname="GiftPairingSolutionTest" time="0.002"/>
  <testcase name="testAllRulesAppliedTogether" classname="GiftPairingSolutionTest" time="0.001"/>
  <testcase name="testPairingEngineGeneratesPairings" classname="GiftPairingSolutionTest" time="0.001"/>
  <testcase name="testWriteResultToCSVEscapesCommas" classname="GiftPairingSolutionTest" time="0.001"/>
  <testcase name="testGiftPairingSolutionGetGeneratedPairings" classname="GiftPairingSolutionTest" time="0.001"/>
  <testcase name="testGiftPairingSolutionAddAndRemoveRule" classname="GiftPairingSolutionTest" time="0.001"/>
  <testcase name="testDepartmentRuleRejectsSameDepartment" classname="GiftPairingSolutionTest" time="0.001"/>
  <testcase name="testFamilyMatchRuleAcceptsDifferentFamily" classname="GiftPairingSolutionTest" time="0.001"/>
  <testcase name="testGiftPairingSolutionCreatesWithDefaultRules" classname="GiftPairingSolutionTest" time="0.0"/>
  <testcase name="testParticipantWithNullValues" classname="GiftPairingSolutionTest" time="0.001"/>
  <testcase name="testPairingEngineRemoveRule" classname="GiftPairingSolutionTest" time="0.001"/>
  <testcase name="testWriteResultToCSVEscapesQuotes" classname="GiftPairingSolutionTest" time="0.001"/>
  <testcase name="testGeneratePairsFromEmptyFamilyDepartmentFile" classname="GiftPairingSolutionTest" time="0.002"/>
  <testcase name="testDepartmentRuleAcceptsEmptyDepartment" classname="GiftPairingSolutionTest" time="0.001"/>
  <testcase name="testDepartmentRuleAcceptsNullDepartment" classname="GiftPairingSolutionTest" time="0.001"/>
  <testcase name="testFamilyMatchRuleRejectsSameFamily" classname="GiftPairingSolutionTest" time="0.001"/>
  <testcase name="testFamilyMatchRuleAcceptsEmptyFamily" classname="GiftPairingSolutionTest" time="0.001"/>
  <testcase name="testGeneratePairsFailsForAllSameDepartmentWithDepartmentRule" classname="GiftPairingSolutionTest" time="0.001"/>
  <testcase name="testRepeatingFromLastYearRuleAcceptsDifferentPairing" classname="GiftPairingSolutionTest" time="0.001"/>
  <testcase name="testSelfMatchingRuleAcceptsDifferentPeople" classname="GiftPairingSolutionTest" time="0.001"/>
  <testcase name="testWriteResultToCSVToFile" classname="GiftPairingSolutionTest" time="0.005"/>
  <testcase name="testGeneratePairsWithOnlyDepartmentRule" classname="GiftPairingSolutionTest" time="0.001"/>
  <testcase name="testGeneratePairsFailsForTwoParticipantsSameFamily" classname="GiftPairingSolutionTest" time="0.001"/>
  <testcase name="testPairingEngineReturnsEmptyListForNullInput" classname="GiftPairingSolutionTest" time="0.001"/>
  <testcase name="testPairingEngineReturnsEmptyListForInsufficientParticipants" classname="GiftPairingSolutionTest" time="0.001"/>
  <testcase name="testPairingCreation" classname="GiftPairingSolutionTest" time="0.001"/>
  <testcase name="testWriteResultToCSVWithEmptyPairings" classname="GiftPairingSolutionTest" time="0.001"/>
  <testcase name="testGeneratePairsWithOnlyFamilyRule" classname="GiftPairingSolutionTest" time="0.001"/>
  <testcase name="testFamilyMatchRuleAcceptsNullFamily" classname="GiftPairingSolutionTest" time="0.001"/>
  <testcase name="testPairingEngineWithMultipleRules" classname="GiftPairingSolutionTest" time="0.001"/>
  <testcase name="testGiftPairingSolutionGeneratePairsFromFile" classname="GiftPairingSolutionTest" time="0.001"/>
  <testcase name="testDepartmentRuleAcceptsDifferentDepartment" classname="GiftPairingSolutionTest" time="0.001"/>
  <testcase name="testGiftPairingSolutionGeneratePairsFromParticipants" classname="GiftPairingSolutionTest" time="0.0"/>
  <testcase name="testWriteResultToCSVWithNullPairings" classname="GiftPairingSolutionTest" time="0.0"/>
  <testcase name="testRepeatingFromLastYearRuleAcceptsEmptyLastYear" classname="GiftPairingSolutionTest" time="0.0"/>
  <testcase name="testRepeatingFromLastYearRuleRejectsSamePairing" classname="GiftPairingSolutionTest" time="0.0"/>
</testsuite>